[17:30:50] [ServerMain/INFO]: Environment: authHost='https://authserver.mojang.com', accountsHost='https://api.mojang.com', sessionHost='https://sessionserver.mojang.com', servicesHost='https://api.minecraftservices.com', name='PROD'
[17:30:52] [ServerMain/INFO]: Loaded 7 recipes
[17:30:54] [Server thread/INFO]: Starting minecraft server version 1.20.1
[17:30:54] [Server thread/INFO]: Loading properties
[17:30:54] [Server thread/INFO]: This server is running CraftBukkit version 3871-Spigot-d2eba2c-3f9263b (MC: 1.20.1) (Implementing API version 1.20.1-R0.1-SNAPSHOT)
[17:30:55] [Server thread/INFO]: Debug logging is disabled
[17:30:55] [Server thread/INFO]: Server Ping Player Sample Count: 12
[17:30:55] [Server thread/INFO]: Using 4 threads for Netty based IO
[17:30:55] [Server thread/INFO]: Default game type: SURVIVAL
[17:30:55] [Server thread/INFO]: Generating keypair
[17:30:55] [Server thread/INFO]: Starting Minecraft server on 192.168.56.1:25732
[17:30:55] [Server thread/INFO]: Using default channel type
[17:30:55] [Server thread/WARN]: Initializing Legacy Material Support. Unless you have legacy plugins and/or data this is a bug!
[17:30:58] [Server thread/WARN]: Legacy plugin Announcer v1.7.4 does not specify an api-version.
[17:30:58] [Server thread/INFO]: [LuckPerms] Loading LuckPerms v5.4.102
[17:30:59] [Server thread/INFO]: [Terremoto] Loading Terremoto v1.0
[17:30:59] [Server thread/INFO]: [PlaceholderAPI] Loading PlaceholderAPI v2.11.5
[17:30:59] [Server thread/INFO]: [CMILib] Loading CMILib v1.4.2.4
[17:30:59] [Server thread/INFO]: [HolographicDisplays] Loading HolographicDisplays v3.0.3
[17:30:59] [Server thread/INFO]: [ServersNPC] Loading ServersNPC v4.5
[17:30:59] [Server thread/INFO]: [ProtocolLib] Loading ProtocolLib v5.1.0
[17:31:00] [Server thread/INFO]: [SkinsRestorer] Loading SkinsRestorer v15.7.10
[17:31:00] [Server thread/INFO]: [SternalBoard] Loading SternalBoard v2.2.7
[17:31:00] [Server thread/INFO]: [Vault] Loading Vault v1.7.3-b131
[17:31:00] [Server thread/INFO]: [WorldEdit] Loading WorldEdit v7.2.17+6544-56d0383
[17:31:01] [Server thread/INFO]: Got request to register class com.sk89q.worldedit.bukkit.BukkitServerInterface with WorldEdit [com.sk89q.worldedit.extension.platform.PlatformManager@7fd352ea]
[17:31:01] [Server thread/INFO]: [CrazyCrates] Loading CrazyCrates v1.11.15.4
[17:31:01] [Server thread/INFO]: [Essentials] Loading Essentials v2.21.0-dev+21-c68b277
[17:31:01] [Server thread/INFO]: [Announcer] Loading Announcer v1.7.4
[17:31:01] [Server thread/INFO]: [CoreLogging] Loading Multiverse-Core v5.2.1
[17:31:01] [Server thread/INFO]: [WorldGuard] Loading WorldGuard v7.0.9+5934e49
[17:31:01] [Server thread/INFO]: [AuctionHouse] Loading AuctionHouse v3.5.1
[17:31:01] [Server thread/INFO]: [ChestCommands] Loading ChestCommands v4.0.4
[17:31:01] [Server thread/INFO]: [sleep-most] Loading sleep-most v5.3.0
[17:31:01] [Server thread/INFO]: [EssentialsChat] Loading EssentialsChat v2.21.0-dev+21-c68b277
[17:31:01] [Server thread/INFO]: [BetterRTP] Loading BetterRTP v3.6.11
[17:31:01] [Server thread/INFO]: [ProtectionStones] Loading ProtectionStones v2.10.3
[17:31:01] [Server thread/INFO]: [EssentialsSpawn] Loading EssentialsSpawn v2.21.0-dev+21-c68b277
[17:31:01] [Server thread/INFO]: [AuthMe] Loading AuthMe v5.6.0-beta2-b2453
[17:31:01] [Server thread/INFO]: [Jobs] Loading Jobs v5.2.1.2
[17:31:01] [Server thread/INFO]: [LuckPerms] Enabling LuckPerms v5.4.102
[17:31:02] [Server thread/INFO]: [0;36;1m       [0;36;22m __    [m
[17:31:02] [Server thread/INFO]: [0;36;1m  |    [0;36;22m|__)   [0;32;22mLuckPerms[m [0;36;1mv5.4.102[m
[17:31:02] [Server thread/INFO]: [0;36;1m  |___ [0;36;22m|      [0;30;1mRunning on Bukkit - CraftBukkit[m
[17:31:02] [Server thread/INFO]: [m
[17:31:02] [Server thread/INFO]: [LuckPerms] Loading configuration...
[17:31:02] [Server thread/INFO]: [LuckPerms] Loading storage provider... [YAML]
[17:31:02] [Server thread/INFO]: [LuckPerms] Loading internal permission managers...
[17:31:02] [Server thread/INFO]: [LuckPerms] Performing initial data load...
[17:31:03] [Server thread/INFO]: [LuckPerms] Successfully enabled. (took 1619ms)
[17:31:03] [Server thread/INFO]: [ProtocolLib] Enabling ProtocolLib v5.1.0
[17:31:03] [Server thread/INFO]: [SkinsRestorer] Enabling SkinsRestorer v15.7.10
[17:31:03] [Server thread/INFO]: [33;1m[[32;22mSkinsRestorer[33;1m] [0;39m[32;1mRunning on Minecraft [33;1m1.20.1[32;1m.[0;39m[m
[17:31:04] [Server thread/INFO]: [PlaceholderAPI] Successfully registered internal expansion: skinsrestorer [15.7.10]
[17:31:04] [Server thread/INFO]: [33;1m[[32;22mSkinsRestorer[33;1m] [0;39mPlaceholderAPI expansion registered![0;39m[m
[17:31:04] [Server thread/WARN]: [33;1m[[32;22mSkinsRestorer[33;1m] [0;39m[33;1m[33;1mPlease update your Java runtime to at least Java 21 (your version is 17).[0;39m
[17:31:04] [Server thread/WARN]: [33;1m[[32;22mSkinsRestorer[33;1m] [0;39m[33;1m[33;1mAt some point in the future, SkinsRestorer will no longer be compatible with this version of Java.[0;39m
[17:31:04] [Server thread/INFO]: [Vault] Enabling Vault v1.7.3-b131
[17:31:04] [Server thread/WARN]: [Vault] Loaded class com.earth2me.essentials.api.Economy from Essentials v2.21.0-dev+21-c68b277 which is not a depend or softdepend of this plugin.
[17:31:04] [Server thread/INFO]: [Vault] [Economy] Essentials Economy found: Waiting
[17:31:04] [Server thread/INFO]: [Vault] [Permission] SuperPermissions loaded as backup permission system.
[17:31:04] [Server thread/INFO]: [Vault] Enabled Version 1.7.3-b131
[17:31:04] [Server thread/INFO]: [LuckPerms] Registered Vault permission & chat hook.
[17:31:04] [Server thread/INFO]: [WorldEdit] Enabling WorldEdit v7.2.17+6544-56d0383
[17:31:04] [Server thread/INFO]: Registering commands with com.sk89q.worldedit.bukkit.BukkitServerInterface
[17:31:04] [Server thread/INFO]: WEPIF: Vault detected! Using Vault for permissions
[17:31:04] [Server thread/INFO]: Using com.sk89q.worldedit.bukkit.adapter.impl.v1_20_R1.PaperweightAdapter as the Bukkit adapter
[17:31:05] [Server thread/INFO]: [WorldEdit] ====================================================
[17:31:05] [Server thread/INFO]: [WorldEdit]  WorldEdit works better if you use Paper 
[17:31:05] [Server thread/INFO]: [WorldEdit]  as your server software. 
[17:31:05] [Server thread/INFO]: [WorldEdit]   
[17:31:05] [Server thread/INFO]: [WorldEdit]  Paper offers significant performance improvements,
[17:31:05] [Server thread/INFO]: [WorldEdit]  bug fixes, security enhancements and optional
[17:31:05] [Server thread/INFO]: [WorldEdit]  features for server owners to enhance their server.
[17:31:05] [Server thread/INFO]: [WorldEdit]   
[17:31:05] [Server thread/INFO]: [WorldEdit]  Paper includes Timings v2, which is significantly
[17:31:05] [Server thread/INFO]: [WorldEdit]  better at diagnosing lag problems over v1.
[17:31:05] [Server thread/INFO]: [WorldEdit]   
[17:31:05] [Server thread/INFO]: [WorldEdit]  All of your plugins should still work, and the
[17:31:05] [Server thread/INFO]: [WorldEdit]  Paper community will gladly help you fix any issues.
[17:31:05] [Server thread/INFO]: [WorldEdit]   
[17:31:05] [Server thread/INFO]: [WorldEdit]  Join the Paper Community @ https://papermc.io
[17:31:05] [Server thread/INFO]: [WorldEdit] ====================================================
[17:31:05] [Server thread/WARN]: **** SERVER IS RUNNING IN OFFLINE/INSECURE MODE!
[17:31:05] [Server thread/WARN]: The server will make no attempt to authenticate usernames. Beware.
[17:31:05] [Server thread/WARN]: While this makes the game possible to play without internet access, it also opens up the ability for hackers to connect with any username they choose.
[17:31:05] [Server thread/WARN]: To change this, set "online-mode" to "true" in the server.properties file.
[17:31:05] [Server thread/INFO]: Preparing level "world"
[17:31:05] [Server thread/INFO]: -------- World Settings For [world] --------
[17:31:05] [Server thread/INFO]: Mob Spawn Range: 6
[17:31:05] [Server thread/INFO]: Entity Tracking Range: Pl 48 / An 48 / Mo 48 / Mi 32 / Di 128 / Other 64
[17:31:05] [Server thread/INFO]: Hopper Transfer: 8 Hopper Check: 1 Hopper Amount: 1 Hopper Can Load Chunks: false
[17:31:05] [Server thread/INFO]: Custom Map Seeds:  Village: 10387312 Desert: 14357617 Igloo: 14357618 Jungle: 14357619 Swamp: 14357620 Monument: 10387313 Ocean: 14357621 Shipwreck: 165745295 End City: 10387313 Slime: 987234911 Nether: 30084232 Mansion: 10387319 Fossil: 14357921 Portal: 34222645
[17:31:05] [Server thread/INFO]: Max TNT Explosions: 100
[17:31:05] [Server thread/INFO]: Tile Max Tick Time: 50ms Entity max Tick Time: 50ms
[17:31:05] [Server thread/INFO]: Item Merge Radius: 2.5
[17:31:05] [Server thread/INFO]: Item Despawn Rate: 6000
[17:31:05] [Server thread/INFO]: Simulation Distance: 10
[17:31:05] [Server thread/INFO]: View Distance: 10
[17:31:05] [Server thread/INFO]: Allow Zombie Pigmen to spawn from portal blocks: true
[17:31:05] [Server thread/INFO]: Arrow Despawn Rate: 1200 Trident Respawn Rate:1200
[17:31:05] [Server thread/INFO]: Cactus Growth Modifier: 100%
[17:31:05] [Server thread/INFO]: Cane Growth Modifier: 100%
[17:31:05] [Server thread/INFO]: Melon Growth Modifier: 100%
[17:31:05] [Server thread/INFO]: Mushroom Growth Modifier: 100%
[17:31:05] [Server thread/INFO]: Pumpkin Growth Modifier: 100%
[17:31:05] [Server thread/INFO]: Sapling Growth Modifier: 100%
[17:31:05] [Server thread/INFO]: Beetroot Growth Modifier: 100%
[17:31:05] [Server thread/INFO]: Carrot Growth Modifier: 100%
[17:31:05] [Server thread/INFO]: Potato Growth Modifier: 100%
[17:31:05] [Server thread/INFO]: Wheat Growth Modifier: 100%
[17:31:05] [Server thread/INFO]: NetherWart Growth Modifier: 100%
[17:31:05] [Server thread/INFO]: Vine Growth Modifier: 100%
[17:31:05] [Server thread/INFO]: Cocoa Growth Modifier: 100%
[17:31:05] [Server thread/INFO]: Bamboo Growth Modifier: 100%
[17:31:05] [Server thread/INFO]: SweetBerry Growth Modifier: 100%
[17:31:05] [Server thread/INFO]: Kelp Growth Modifier: 100%
[17:31:05] [Server thread/INFO]: TwistingVines Growth Modifier: 100%
[17:31:05] [Server thread/INFO]: WeepingVines Growth Modifier: 100%
[17:31:05] [Server thread/INFO]: CaveVines Growth Modifier: 100%
[17:31:05] [Server thread/INFO]: Entity Activation Range: An 32 / Mo 32 / Ra 48 / Mi 16 / Tiv true / Isa false
[17:31:05] [Server thread/INFO]: Experience Merge Radius: 3.0
[17:31:05] [Server thread/INFO]: Nerfing mobs spawned from spawners: false
[17:31:05] [Server thread/INFO]: Zombie Aggressive Towards Villager: true
[17:31:06] [Server thread/INFO]: -------- World Settings For [world_nether] --------
[17:31:06] [Server thread/INFO]: Mob Spawn Range: 6
[17:31:06] [Server thread/INFO]: Entity Tracking Range: Pl 48 / An 48 / Mo 48 / Mi 32 / Di 128 / Other 64
[17:31:06] [Server thread/INFO]: Hopper Transfer: 8 Hopper Check: 1 Hopper Amount: 1 Hopper Can Load Chunks: false
[17:31:06] [Server thread/INFO]: Custom Map Seeds:  Village: 10387312 Desert: 14357617 Igloo: 14357618 Jungle: 14357619 Swamp: 14357620 Monument: 10387313 Ocean: 14357621 Shipwreck: 165745295 End City: 10387313 Slime: 987234911 Nether: 30084232 Mansion: 10387319 Fossil: 14357921 Portal: 34222645
[17:31:06] [Server thread/INFO]: Max TNT Explosions: 100
[17:31:06] [Server thread/INFO]: Tile Max Tick Time: 50ms Entity max Tick Time: 50ms
[17:31:06] [Server thread/INFO]: Item Merge Radius: 2.5
[17:31:06] [Server thread/INFO]: Item Despawn Rate: 6000
[17:31:06] [Server thread/INFO]: Simulation Distance: 10
[17:31:06] [Server thread/INFO]: View Distance: 10
[17:31:06] [Server thread/INFO]: Allow Zombie Pigmen to spawn from portal blocks: true
[17:31:06] [Server thread/INFO]: Arrow Despawn Rate: 1200 Trident Respawn Rate:1200
[17:31:06] [Server thread/INFO]: Cactus Growth Modifier: 100%
[17:31:06] [Server thread/INFO]: Cane Growth Modifier: 100%
[17:31:06] [Server thread/INFO]: Melon Growth Modifier: 100%
[17:31:06] [Server thread/INFO]: Mushroom Growth Modifier: 100%
[17:31:06] [Server thread/INFO]: Pumpkin Growth Modifier: 100%
[17:31:06] [Server thread/INFO]: Sapling Growth Modifier: 100%
[17:31:06] [Server thread/INFO]: Beetroot Growth Modifier: 100%
[17:31:06] [Server thread/INFO]: Carrot Growth Modifier: 100%
[17:31:06] [Server thread/INFO]: Potato Growth Modifier: 100%
[17:31:06] [Server thread/INFO]: Wheat Growth Modifier: 100%
[17:31:06] [Server thread/INFO]: NetherWart Growth Modifier: 100%
[17:31:06] [Server thread/INFO]: Vine Growth Modifier: 100%
[17:31:06] [Server thread/INFO]: Cocoa Growth Modifier: 100%
[17:31:06] [Server thread/INFO]: Bamboo Growth Modifier: 100%
[17:31:06] [Server thread/INFO]: SweetBerry Growth Modifier: 100%
[17:31:06] [Server thread/INFO]: Kelp Growth Modifier: 100%
[17:31:06] [Server thread/INFO]: TwistingVines Growth Modifier: 100%
[17:31:06] [Server thread/INFO]: WeepingVines Growth Modifier: 100%
[17:31:06] [Server thread/INFO]: CaveVines Growth Modifier: 100%
[17:31:06] [Server thread/INFO]: Entity Activation Range: An 32 / Mo 32 / Ra 48 / Mi 16 / Tiv true / Isa false
[17:31:06] [Server thread/INFO]: Experience Merge Radius: 3.0
[17:31:06] [Server thread/INFO]: Nerfing mobs spawned from spawners: false
[17:31:06] [Server thread/INFO]: Zombie Aggressive Towards Villager: true
[17:31:06] [Server thread/INFO]: -------- World Settings For [world_the_end] --------
[17:31:06] [Server thread/INFO]: Mob Spawn Range: 6
[17:31:06] [Server thread/INFO]: Entity Tracking Range: Pl 48 / An 48 / Mo 48 / Mi 32 / Di 128 / Other 64
[17:31:06] [Server thread/INFO]: Hopper Transfer: 8 Hopper Check: 1 Hopper Amount: 1 Hopper Can Load Chunks: false
[17:31:06] [Server thread/INFO]: Custom Map Seeds:  Village: 10387312 Desert: 14357617 Igloo: 14357618 Jungle: 14357619 Swamp: 14357620 Monument: 10387313 Ocean: 14357621 Shipwreck: 165745295 End City: 10387313 Slime: 987234911 Nether: 30084232 Mansion: 10387319 Fossil: 14357921 Portal: 34222645
[17:31:06] [Server thread/INFO]: Max TNT Explosions: 100
[17:31:06] [Server thread/INFO]: Tile Max Tick Time: 50ms Entity max Tick Time: 50ms
[17:31:06] [Server thread/INFO]: Item Merge Radius: 2.5
[17:31:06] [Server thread/INFO]: Item Despawn Rate: 6000
[17:31:06] [Server thread/INFO]: Simulation Distance: 10
[17:31:06] [Server thread/INFO]: View Distance: 10
[17:31:06] [Server thread/INFO]: Allow Zombie Pigmen to spawn from portal blocks: true
[17:31:06] [Server thread/INFO]: Arrow Despawn Rate: 1200 Trident Respawn Rate:1200
[17:31:06] [Server thread/INFO]: Cactus Growth Modifier: 100%
[17:31:06] [Server thread/INFO]: Cane Growth Modifier: 100%
[17:31:06] [Server thread/INFO]: Melon Growth Modifier: 100%
[17:31:06] [Server thread/INFO]: Mushroom Growth Modifier: 100%
[17:31:06] [Server thread/INFO]: Pumpkin Growth Modifier: 100%
[17:31:06] [Server thread/INFO]: Sapling Growth Modifier: 100%
[17:31:06] [Server thread/INFO]: Beetroot Growth Modifier: 100%
[17:31:06] [Server thread/INFO]: Carrot Growth Modifier: 100%
[17:31:06] [Server thread/INFO]: Potato Growth Modifier: 100%
[17:31:06] [Server thread/INFO]: Wheat Growth Modifier: 100%
[17:31:06] [Server thread/INFO]: NetherWart Growth Modifier: 100%
[17:31:06] [Server thread/INFO]: Vine Growth Modifier: 100%
[17:31:06] [Server thread/INFO]: Cocoa Growth Modifier: 100%
[17:31:06] [Server thread/INFO]: Bamboo Growth Modifier: 100%
[17:31:06] [Server thread/INFO]: SweetBerry Growth Modifier: 100%
[17:31:06] [Server thread/INFO]: Kelp Growth Modifier: 100%
[17:31:06] [Server thread/INFO]: TwistingVines Growth Modifier: 100%
[17:31:06] [Server thread/INFO]: WeepingVines Growth Modifier: 100%
[17:31:06] [Server thread/INFO]: CaveVines Growth Modifier: 100%
[17:31:06] [Server thread/INFO]: Entity Activation Range: An 32 / Mo 32 / Ra 48 / Mi 16 / Tiv true / Isa false
[17:31:06] [Server thread/INFO]: Experience Merge Radius: 3.0
[17:31:06] [Server thread/INFO]: Nerfing mobs spawned from spawners: false
[17:31:06] [Server thread/INFO]: Zombie Aggressive Towards Villager: true
[17:31:06] [Server thread/INFO]: Preparing start region for dimension minecraft:overworld
[17:31:10] [Worker-Main-14/INFO]: Preparing spawn area: 0%
[17:31:10] [Worker-Main-7/INFO]: Preparing spawn area: 0%
[17:31:10] [Worker-Main-19/INFO]: Preparing spawn area: 0%
[17:31:10] [Worker-Main-7/INFO]: Preparing spawn area: 0%
[17:31:10] [Worker-Main-18/INFO]: Preparing spawn area: 0%
[17:31:10] [Worker-Main-16/INFO]: Preparing spawn area: 0%
[17:31:10] [Worker-Main-7/INFO]: Preparing spawn area: 0%
[17:31:10] [Worker-Main-7/INFO]: Preparing spawn area: 0%
[17:31:10] [Worker-Main-12/INFO]: Preparing spawn area: 0%
[17:31:11] [Worker-Main-5/INFO]: Preparing spawn area: 6%
[17:31:11] [Worker-Main-11/INFO]: Preparing spawn area: 87%
[17:31:11] [Server thread/INFO]: Time elapsed: 5066 ms
[17:31:12] [Server thread/INFO]: Preparing start region for dimension minecraft:the_nether
[17:31:14] [Worker-Main-8/INFO]: Preparing spawn area: 0%
[17:31:14] [Worker-Main-10/INFO]: Preparing spawn area: 0%
[17:31:14] [Worker-Main-8/INFO]: Preparing spawn area: 0%
[17:31:14] [Worker-Main-11/INFO]: Preparing spawn area: 0%
[17:31:14] [Worker-Main-12/INFO]: Preparing spawn area: 0%
[17:31:14] [Worker-Main-5/INFO]: Preparing spawn area: 0%
[17:31:15] [Worker-Main-4/INFO]: Preparing spawn area: 2%
[17:31:15] [Worker-Main-19/INFO]: Preparing spawn area: 88%
[17:31:15] [Server thread/INFO]: Time elapsed: 3549 ms
[17:31:15] [Server thread/INFO]: Preparing start region for dimension minecraft:the_end
[17:31:20] [Worker-Main-4/INFO]: Preparing spawn area: 0%
[17:31:20] [Worker-Main-15/INFO]: Preparing spawn area: 0%
[17:31:20] [Worker-Main-12/INFO]: Preparing spawn area: 0%
[17:31:20] [Worker-Main-12/INFO]: Preparing spawn area: 0%
[17:31:20] [Worker-Main-12/INFO]: Preparing spawn area: 0%
[17:31:20] [Worker-Main-12/INFO]: Preparing spawn area: 0%
[17:31:20] [Worker-Main-12/INFO]: Preparing spawn area: 0%
[17:31:20] [Worker-Main-12/INFO]: Preparing spawn area: 0%
[17:31:20] [Worker-Main-12/INFO]: Preparing spawn area: 0%
[17:31:20] [Worker-Main-12/INFO]: Preparing spawn area: 0%
[17:31:20] [Worker-Main-10/INFO]: Preparing spawn area: 26%
[17:31:20] [Server thread/INFO]: Time elapsed: 5377 ms
[17:31:20] [Server thread/INFO]: [Terremoto] Enabling Terremoto v1.0
[17:31:20] [Server thread/INFO]: [Terremoto] TerremotoPlugin habilitado!
[17:31:20] [Server thread/INFO]: [PlaceholderAPI] Enabling PlaceholderAPI v2.11.5
[17:31:21] [Server thread/INFO]: [PlaceholderAPI] Fetching available expansion information...
[17:31:21] [Server thread/INFO]: [CMILib] Enabling CMILib v1.4.2.4
[17:31:21] [Server thread/INFO]: [0;36;22mServer version: v1_20_R1 - 1.20.1 - spigot[m
[17:31:22] [Server thread/INFO]: [PlaceholderAPI] Successfully registered internal expansion: cmil [1.4.2.4]
[17:31:22] [Server thread/INFO]: PlaceholderAPI hooked.[m
[17:31:22] [Server thread/INFO]: Updated (EN) language file. Took [0;33;22m76ms[m
[17:31:22] [Server thread/INFO]: [HolographicDisplays] Enabling HolographicDisplays v3.0.3
[17:31:22] [Server thread/INFO]: [ServersNPC] Enabling ServersNPC v4.5
[17:31:22] [Server thread/INFO]: [SternalBoard] Enabling SternalBoard v2.2.7
[17:31:22] [Server thread/INFO]: [CrazyCrates] Enabling CrazyCrates v1.11.15.4
[17:31:22] [Server thread/INFO]: [CrazyCrates] Loading the config.yml
[17:31:22] [Server thread/INFO]: [CrazyCrates] Successfully loaded config.yml
[17:31:22] [Server thread/INFO]: [CrazyCrates] Loading the events.log
[17:31:22] [Server thread/INFO]: [CrazyCrates] Successfully loaded events.log
[17:31:22] [Server thread/INFO]: [CrazyCrates] Loading the messages.yml
[17:31:22] [Server thread/INFO]: [CrazyCrates] Successfully loaded messages.yml
[17:31:22] [Server thread/INFO]: [CrazyCrates] Loading the locations.yml
[17:31:22] [Server thread/INFO]: [CrazyCrates] Successfully loaded locations.yml
[17:31:22] [Server thread/INFO]: [CrazyCrates] Loading the data.yml
[17:31:22] [Server thread/INFO]: [CrazyCrates] Successfully loaded data.yml
[17:31:22] [Server thread/INFO]: [CrazyCrates] Loading custom files.
[17:31:22] [Server thread/INFO]: [CrazyCrates] Loaded new custom file: /crates/Basico.yml.
[17:31:22] [Server thread/INFO]: [CrazyCrates] Loaded new custom file: /crates/CosmicCrateExample.yml.
[17:31:22] [Server thread/INFO]: [CrazyCrates] Loaded new custom file: /crates/Elite.yml.
[17:31:22] [Server thread/INFO]: [CrazyCrates] Loaded new custom file: /crates/Vip.yml.
[17:31:22] [Server thread/INFO]: [CrazyCrates] Finished loading custom files.
[17:31:22] [Server thread/INFO]: [CrazyCrates] Metrics has been enabled.
[17:31:22] [Server thread/ERROR]: [CrazyCrates] Plugin CrazyCrates v1.11.15.4 has failed to register events for class com.badbones69.crazycrates.listeners.MiscListener because org/bukkit/event/player/PlayerAttemptPickupItemEvent does not exist.
[17:31:22] [Server thread/WARN]: [CrazyCrates] No holograms plugin were found. If using CMI, make sure holograms module is enabled.
[17:31:22] [Server thread/INFO]: [CrazyCrates] Loading all crate information...
[17:31:22] [Server thread/INFO]: [NBTAPI] Found Spigot: v1_20_R1! Trying to find NMS support
[17:31:22] [Server thread/INFO]: [NBTAPI] NMS support 'MC1_20_R1' loaded!
[17:31:22] [Server thread/INFO]: [NBTAPI] Found Gson: class com.google.gson.Gson
[17:31:23] [Server thread/INFO]: [CrazyCrates] All crate information has been loaded.
[17:31:23] [Server thread/INFO]: [CrazyCrates] Loading all the physical crate locations.
[17:31:23] [Server thread/INFO]: [CrazyCrates] Loaded 3 physical crate locations.
[17:31:23] [Server thread/INFO]: [CrazyCrates] Failed to load 3 physical crate locations.
[17:31:23] [Server thread/INFO]: [CrazyCrates] Searching for schematics to load.
[17:31:23] [Server thread/INFO]: [CrazyCrates] classic.nbt was successfully found and loaded.
[17:31:23] [Server thread/INFO]: [CrazyCrates] nether.nbt was successfully found and loaded.
[17:31:23] [Server thread/INFO]: [CrazyCrates] outdoors.nbt was successfully found and loaded.
[17:31:23] [Server thread/INFO]: [CrazyCrates] sea.nbt was successfully found and loaded.
[17:31:23] [Server thread/INFO]: [CrazyCrates] soul.nbt was successfully found and loaded.
[17:31:23] [Server thread/INFO]: [CrazyCrates] wooden.nbt was successfully found and loaded.
[17:31:23] [Server thread/INFO]: [CrazyCrates] All schematics were found and loaded.
[17:31:23] [Server thread/INFO]: [CrazyCrates] Cleaning up the data.yml file.
[17:31:23] [Server thread/INFO]: [CrazyCrates] The data.yml file has been cleaned.
[17:31:23] [Server thread/INFO]: [PlaceholderAPI] Successfully registered internal expansion: crazycrates [1.11.15.4]
[17:31:23] [Server thread/INFO]: [CrazyCrates] §6§lHOLOGRAPHIC_DISPLAYS §a§lFOUND
[17:31:23] [Server thread/INFO]: [CrazyCrates] §6§lFANCY_HOLOGRAMS §c§lNOT FOUND
[17:31:23] [Server thread/INFO]: [CrazyCrates] §6§lDECENT_HOLOGRAMS §c§lNOT FOUND
[17:31:23] [Server thread/INFO]: [CrazyCrates] §6§lCMI §c§lNOT FOUND
[17:31:23] [Server thread/INFO]: [CrazyCrates] §6§lPLACEHOLDERAPI §a§lFOUND
[17:31:23] [Server thread/INFO]: [CrazyCrates] §6§lITEMS_ADDER §c§lNOT FOUND
[17:31:23] [Server thread/INFO]: [Essentials] Enabling Essentials v2.21.0-dev+21-c68b277
[17:31:23] [Server thread/ERROR]: You are running an unsupported server version!
[17:31:23] [Server thread/INFO]: Attempting to convert old kits in config.yml to new kits.yml
[17:31:23] [Server thread/INFO]: No kits found to migrate.
[17:31:23] [Server thread/INFO]: Loaded 39094 items from items.json.
[17:31:23] [Server thread/INFO]: Using locale pt_BR
[17:31:23] [Server thread/INFO]: ServerListPingEvent: Spigot iterator API
[17:31:23] [Server thread/INFO]: Starting Metrics. Opt-out using the global bStats config.
[17:31:23] [Server thread/INFO]: [Vault] [Economy] Essentials Economy hooked.
[17:31:23] [Server thread/INFO]: Using Vault based permissions (LuckPerms)
[17:31:23] [Server thread/INFO]: [Announcer] Enabling Announcer v1.7.4
[17:31:23] [Server thread/INFO]: Announcer v1.7.4 is enabled!

[17:31:23] [Server thread/INFO]: [Multiverse-Core] Enabling Multiverse-Core v5.2.1
[17:31:24] [Server thread/INFO]: -------- World Settings For [lobby] --------
[17:31:24] [Server thread/INFO]: Mob Spawn Range: 6
[17:31:24] [Server thread/INFO]: Entity Tracking Range: Pl 48 / An 48 / Mo 48 / Mi 32 / Di 128 / Other 64
[17:31:24] [Server thread/INFO]: Hopper Transfer: 8 Hopper Check: 1 Hopper Amount: 1 Hopper Can Load Chunks: false
[17:31:24] [Server thread/INFO]: Custom Map Seeds:  Village: 10387312 Desert: 14357617 Igloo: 14357618 Jungle: 14357619 Swamp: 14357620 Monument: 10387313 Ocean: 14357621 Shipwreck: 165745295 End City: 10387313 Slime: 987234911 Nether: 30084232 Mansion: 10387319 Fossil: 14357921 Portal: 34222645
[17:31:24] [Server thread/INFO]: Max TNT Explosions: 100
[17:31:24] [Server thread/INFO]: Tile Max Tick Time: 50ms Entity max Tick Time: 50ms
[17:31:24] [Server thread/INFO]: Item Merge Radius: 2.5
[17:31:24] [Server thread/INFO]: Item Despawn Rate: 6000
[17:31:24] [Server thread/INFO]: Simulation Distance: 10
[17:31:24] [Server thread/INFO]: View Distance: 10
[17:31:24] [Server thread/INFO]: Allow Zombie Pigmen to spawn from portal blocks: true
[17:31:24] [Server thread/INFO]: Arrow Despawn Rate: 1200 Trident Respawn Rate:1200
[17:31:24] [Server thread/INFO]: Cactus Growth Modifier: 100%
[17:31:24] [Server thread/INFO]: Cane Growth Modifier: 100%
[17:31:24] [Server thread/INFO]: Melon Growth Modifier: 100%
[17:31:24] [Server thread/INFO]: Mushroom Growth Modifier: 100%
[17:31:24] [Server thread/INFO]: Pumpkin Growth Modifier: 100%
[17:31:24] [Server thread/INFO]: Sapling Growth Modifier: 100%
[17:31:24] [Server thread/INFO]: Beetroot Growth Modifier: 100%
[17:31:24] [Server thread/INFO]: Carrot Growth Modifier: 100%
[17:31:24] [Server thread/INFO]: Potato Growth Modifier: 100%
[17:31:24] [Server thread/INFO]: Wheat Growth Modifier: 100%
[17:31:24] [Server thread/INFO]: NetherWart Growth Modifier: 100%
[17:31:24] [Server thread/INFO]: Vine Growth Modifier: 100%
[17:31:24] [Server thread/INFO]: Cocoa Growth Modifier: 100%
[17:31:24] [Server thread/INFO]: Bamboo Growth Modifier: 100%
[17:31:24] [Server thread/INFO]: SweetBerry Growth Modifier: 100%
[17:31:24] [Server thread/INFO]: Kelp Growth Modifier: 100%
[17:31:24] [Server thread/INFO]: TwistingVines Growth Modifier: 100%
[17:31:24] [Server thread/INFO]: WeepingVines Growth Modifier: 100%
[17:31:24] [Server thread/INFO]: CaveVines Growth Modifier: 100%
[17:31:24] [Server thread/INFO]: Entity Activation Range: An 32 / Mo 32 / Ra 48 / Mi 16 / Tiv true / Isa false
[17:31:24] [Server thread/INFO]: Experience Merge Radius: 3.0
[17:31:24] [Server thread/INFO]: Nerfing mobs spawned from spawners: false
[17:31:24] [Server thread/INFO]: Zombie Aggressive Towards Villager: true
[17:31:24] [Server thread/INFO]: Preparing start region for dimension minecraft:lobby
[17:31:26] [Worker-Main-3/INFO]: Preparing spawn area: 0%
[17:31:26] [Worker-Main-3/INFO]: Preparing spawn area: 0%
[17:31:26] [Worker-Main-3/INFO]: Preparing spawn area: 0%
[17:31:26] [Worker-Main-3/INFO]: Preparing spawn area: 0%
[17:31:26] [Worker-Main-3/INFO]: Preparing spawn area: 0%
[17:31:26] [Worker-Main-15/INFO]: Preparing spawn area: 50%
[17:31:26] [Server thread/INFO]: Time elapsed: 2712 ms
[17:31:26] [Server thread/WARN]: [CrazyCrates] Fixed 0 broken crate locations.
[17:31:27] [Server thread/INFO]: [PlaceholderAPI] Successfully registered internal expansion: multiverse-core [5.2.1]
[17:31:27] [Server thread/INFO]: [Multiverse-Core] API service loaded!
[17:31:27] [Server thread/INFO]: [Multiverse-Core] [32mVersion 5.2.1 (API v5.2) Enabled - By dumptruckman, Rigby, fernferret, lithium3141, main--, benwoo1110 and Zax71[39m
[17:31:27] [Server thread/INFO]: [Multiverse-Core] [32mLoving Multiverse-Core? Please consider supporting the project with a small donation: https://github.com/sponsors/Multiverse[39m
[17:31:27] [Server thread/INFO]: [WorldGuard] Enabling WorldGuard v7.0.9+5934e49
[17:31:27] [Server thread/INFO]: [WorldGuard] (world) TNT ignition is PERMITTED.
[17:31:27] [Server thread/INFO]: [WorldGuard] (world) Lighters are PERMITTED.
[17:31:27] [Server thread/INFO]: [WorldGuard] (world) Lava fire is PERMITTED.
[17:31:27] [Server thread/INFO]: [WorldGuard] (world) Fire spread is UNRESTRICTED.
[17:31:27] [Server thread/INFO]: [WorldGuard] Loaded configuration for world 'world'
[17:31:27] [Server thread/INFO]: [WorldGuard] (world_nether) TNT ignition is PERMITTED.
[17:31:27] [Server thread/INFO]: [WorldGuard] (world_nether) Lighters are PERMITTED.
[17:31:27] [Server thread/INFO]: [WorldGuard] (world_nether) Lava fire is PERMITTED.
[17:31:27] [Server thread/INFO]: [WorldGuard] (world_nether) Fire spread is UNRESTRICTED.
[17:31:27] [Server thread/INFO]: [WorldGuard] Loaded configuration for world 'world_nether'
[17:31:27] [Server thread/INFO]: [WorldGuard] (world_the_end) TNT ignition is PERMITTED.
[17:31:27] [Server thread/INFO]: [WorldGuard] (world_the_end) Lighters are PERMITTED.
[17:31:27] [Server thread/INFO]: [WorldGuard] (world_the_end) Lava fire is PERMITTED.
[17:31:27] [Server thread/INFO]: [WorldGuard] (world_the_end) Fire spread is UNRESTRICTED.
[17:31:27] [Server thread/INFO]: [WorldGuard] Loaded configuration for world 'world_the_end'
[17:31:27] [Server thread/INFO]: [WorldGuard] (lobby) TNT ignition is PERMITTED.
[17:31:27] [Server thread/INFO]: [WorldGuard] (lobby) Lighters are PERMITTED.
[17:31:27] [Server thread/INFO]: [WorldGuard] (lobby) Lava fire is PERMITTED.
[17:31:27] [Server thread/INFO]: [WorldGuard] (lobby) Fire spread is UNRESTRICTED.
[17:31:27] [Server thread/INFO]: [WorldGuard] Loaded configuration for world 'lobby'
[17:31:27] [Server thread/INFO]: [WorldGuard] Loading region data...
[17:31:28] [Server thread/INFO]: [AuctionHouse] Enabling AuctionHouse v3.5.1
[17:31:28] [Server thread/INFO]: [AuctionHouse] Found locale file en_us.json
[17:31:28] [Server thread/WARN]: [AuctionHouse] [1;33mA backup of the database has been saved with .backup extension.[0m
[17:31:28] [Server thread/INFO]: [AuctionHouse] Using NMS version v1_20_R1
[17:31:28] [Server thread/INFO]: [AuctionHouse] Using en_us locale
[17:31:28] [Server thread/INFO]: [AuctionHouse] Loaded 2 listings
[17:31:28] [Server thread/INFO]: [ChestCommands] Enabling ChestCommands v4.0.4
[17:31:28] [Server thread/INFO]: [ChestCommands] Hooked Vault
[17:31:28] [Server thread/INFO]: [ChestCommands] Hooked PlaceholderAPI
[17:31:28] [Server thread/INFO]: [sleep-most] Enabling sleep-most v5.3.0
[17:31:28] [Server thread/INFO]: Hooked to PlaceholderAPI
[17:31:28] [Server thread/INFO]: Hooked to Essentials
[17:31:28] [Server thread/INFO]: [sleep-most] Hooked to PAPI!
[17:31:28] [Server thread/INFO]: [PlaceholderAPI] Successfully registered internal expansion: sleepmost [5.3.0]
[17:31:28] [Server thread/INFO]: [EssentialsChat] Enabling EssentialsChat v2.21.0-dev+21-c68b277
[17:31:28] [Server thread/INFO]: Starting Metrics. Opt-out using the global bStats config.
[17:31:28] [Server thread/INFO]: [BetterRTP] Enabling BetterRTP v3.6.11
[17:31:29] [Server thread/INFO]: [BetterRTP] Cooldown = 600
[17:31:29] [Server thread/INFO]: [PlaceholderAPI] Successfully registered internal expansion: betterrtp [3.6.11]
[17:31:29] [Server thread/INFO]: [ProtectionStones] Enabling ProtectionStones v2.10.3
[17:31:29] [Server thread/INFO]: [WorldGuard] Registering session handler dev.espi.protectionstones.flags.GreetingFlagHandler
[17:31:29] [Server thread/INFO]: [WorldGuard] Registering session handler dev.espi.protectionstones.flags.FarewellFlagHandler
[17:31:29] [Server thread/INFO]: [ProtectionStones] PlaceholderAPI support enabled!
[17:31:29] [Server thread/INFO]: [PlaceholderAPI] Successfully registered internal expansion: protectionstones [2.10.3]
[17:31:29] [Server thread/INFO]: [ProtectionStones] LuckPerms support enabled!
[17:31:29] [Server thread/INFO]: [ProtectionStones] Protection Stone Blocks:
[17:31:29] [Server thread/INFO]: [ProtectionStones] - EMERALD_ORE (64)
[17:31:29] [Server thread/INFO]: [ProtectionStones] - COAL_ORE (10)
[17:31:29] [Server thread/INFO]: [ProtectionStones] - DIAMOND_ORE (32)
[17:31:29] [Server thread/INFO]: [ProtectionStones] Building region cache...
[17:31:29] [Server thread/INFO]: [ProtectionStones] Building UUID cache... (if slow change async-load-uuid-cache in the config to true)
[17:31:29] [Server thread/INFO]: [ProtectionStones] Checking if PS regions have been updated to UUIDs...
[17:31:29] [Server thread/INFO]: [ProtectionStones] §fProtectionStones has successfully started!
[17:31:29] [Server thread/INFO]: [EssentialsSpawn] Enabling EssentialsSpawn v2.21.0-dev+21-c68b277
[17:31:29] [Server thread/INFO]: Starting Metrics. Opt-out using the global bStats config.
[17:31:29] [Server thread/INFO]: [AuthMe] Enabling AuthMe v5.6.0-beta2-b2453
[17:31:29] [Server thread/INFO]: [AuthMe] SQLite Setup finished
[17:31:29] [Server thread/INFO]: [AuthMe] Hooked into LuckPerms!
[17:31:29] [Server thread/INFO]: [AuthMe] Hooked successfully into Essentials
[17:31:29] [Server thread/INFO]: [AuthMe] AuthMe 5.6.0-beta2 build n.2453 successfully enabled!
[17:31:29] [Server thread/INFO]: [Jobs] Enabling Jobs v5.2.1.2
[17:31:29] [Server thread/INFO]: [0;33;22m------------- [0;32;22mJobs [0;33;22m-------------[m
[17:31:29] [Server thread/INFO]: [PlaceholderAPI] Successfully registered internal expansion: jobsr [5.2.1.2]
[17:31:29] [Server thread/INFO]: [0;33;22mPlaceholderAPI [0;33;1mhooked.[m
[17:31:30] [Server thread/INFO]: [0;33;1mConnected to database ([0;33;22mSqLite[0;33;1m)[m
[17:31:30] [Server thread/INFO]: [0;33;1mLoaded [0;33;22m8 [0;33;1mtitles[m
[17:31:30] [Server thread/INFO]: [0;33;1mLoaded [0;33;22m69 [0;33;1mprotected blocks timers[m
[17:31:30] [Server thread/INFO]: [0;33;1mLoaded [0;33;22m1403 [0;33;1mcustom item names[m
[17:31:30] [Server thread/INFO]: [0;33;1mLoaded [0;33;22m81 [0;33;1mcustom entity names[m
[17:31:30] [Server thread/INFO]: [0;33;1mLoaded [0;33;22m2 [0;33;1mcustom MythicMobs names[m
[17:31:30] [Server thread/INFO]: [0;33;1mLoaded [0;33;22m38 [0;33;1mcustom enchant names[m
[17:31:30] [Server thread/INFO]: [0;33;1mLoaded [0;33;22m21 [0;33;1mcustom enchant names[m
[17:31:30] [Server thread/INFO]: [0;33;1mLoaded [0;33;22m16 [0;33;1mcustom color names[m
[17:31:30] [Server thread/INFO]: [0;33;1mLoaded [0;33;22m4 [0;33;1mshop items[m
[17:31:30] [Server thread/INFO]: [0;33;1mLoaded [0;33;22m1 [0;33;1mquests for [0;33;22mBuilder[m
[17:31:30] [Server thread/INFO]: [0;33;1mLoaded [0;33;22m1 [0;33;1mquests for [0;33;22mMago[m
[17:31:30] [Server thread/INFO]: [0;33;1mLoaded [0;33;22m1 [0;33;1mquests for [0;33;22marmero[m
[17:31:30] [Server thread/INFO]: [0;33;1mLoaded [0;33;22m1 [0;33;1mquests for [0;33;22mMinero[m
[17:31:30] [Server thread/INFO]: [0;33;1mLoaded [0;33;22m1 [0;33;1mquests for [0;33;22mCrafter[m
[17:31:30] [Server thread/INFO]: [0;33;1mLoaded [0;33;22m1 [0;33;1mquests for [0;33;22mExplorador[m
[17:31:30] [Server thread/INFO]: [0;33;1mLoaded [0;33;22m1 [0;33;1mquests for [0;33;22mLeñador[m
[17:31:30] [Server thread/INFO]: [0;33;1mLoaded [0;33;22m1 [0;33;1mquests for [0;33;22mLich[m
[17:31:30] [Server thread/INFO]: [0;33;1mLoaded [0;33;22m1 [0;33;1mquests for [0;33;22mAgricultor[m
[17:31:30] [Server thread/INFO]: [0;33;1mLoaded [0;33;22m1 [0;33;1mquests for [0;33;22mCavador[m
[17:31:30] [Server thread/INFO]: [0;33;1mLoaded [0;33;22m1 [0;33;1mquests for [0;33;22mPescador[m
[17:31:30] [Server thread/INFO]: [0;33;1mLoaded [0;33;22m1 [0;33;1mquests for [0;33;22mCazador[m
[17:31:30] [Server thread/INFO]: [0;33;1mLoaded [0;33;22m12 [0;33;1mjobs[m
[17:31:30] [Server thread/INFO]: [0;33;1mLoaded [0;33;22m0 [0;33;1mboosted items[m
[17:31:30] [Server thread/INFO]: [0;33;1mLoaded [0;33;22m18 furnace [0;33;1mfor reassigning.[m
[17:31:30] [Server thread/INFO]: [0;33;1mLoaded [0;33;22m1 brewing [0;33;1mfor reassigning.[m
[17:31:30] [Jobs-DatabaseSaveTask/INFO]: [0;33;1mStarted database save task.[m
[17:31:30] [Jobs-BufferedPaymentThread/INFO]: [0;33;1mStarted buffered payment thread.[m
[17:31:30] [Server thread/INFO]: [0;33;1mPreloaded [0;33;22m16 [0;33;1mplayers data in [0;33;22m0.02[m
[17:31:30] [Server thread/INFO]: [0;33;1mWorldGuard detected.[m
[17:31:30] [Server thread/INFO]: [0;33;1mPlugin has been enabled successfully.[m
[17:31:30] [Server thread/INFO]: [0;33;22m------------------------------------[m
[17:31:30] [Server thread/INFO]: Server permissions file permissions.yml is empty, ignoring it
[17:31:30] [Server thread/INFO]: [PlaceholderAPI] Placeholder expansion registration initializing...
[17:31:30] [Server thread/INFO]: Done (25.337s)! For help, type "help"
[17:31:30] [Server thread/INFO]: Essentials found a compatible payment resolution method: Vault Compatibility Layer (v1.7.3-b131)!
[17:31:30] [Craft Scheduler Thread - 6/INFO]: §6Buscando informações da versão...
[17:31:30] [Server thread/INFO]: [AuctionHouse] Registered Service Provider Essentials for Vault's Economy API
[17:31:30] [Server thread/INFO]: [AuctionHouse] Registered Service Provider LuckPerms for Vault's Chat API
[17:31:30] [Craft Scheduler Thread - 16/INFO]: [AuthMe] Downloading GEO IP database, because the old database is older than 30 days or doesn't exist
[17:31:30] [Craft Scheduler Thread - 16/WARN]: [AuthMe] No MaxMind credentials found in the configuration file! GeoIp protections will be disabled.
[17:31:30] [Craft Scheduler Thread - 16/INFO]: [AuthMe] There is no newer GEO IP database uploaded to MaxMind. Using the old one for now.
[17:31:30] [Server thread/INFO]: [0;33;1m[Jobs] Successfully linked with Vault. (EssentialsX Economy)[m
[17:31:30] [Server thread/INFO]: [PlaceholderAPI] Successfully registered external expansion: player [2.0.7]
[17:31:30] [Server thread/WARN]: [PlaceholderAPI] Loaded class net.milkbowl.vault.economy.Economy from Vault v1.7.3-b131 which is not a depend or softdepend of this plugin.
[17:31:30] [Craft Scheduler Thread - 16/WARN]: [AuthMe] Could not download GeoLiteAPI database [FileNotFoundException]: plugins\AuthMe\GeoLite2-Country.mmdb (O sistema não pode encontrar o arquivo especificado)
[17:31:30] [Server thread/INFO]: [PlaceholderAPI] Successfully registered external expansion: vault [1.8.1]
[17:31:31] [Server thread/INFO]: [0;32;1m2 placeholder hook(s) registered! [0;33;22m2 placeholder hook(s) have an update available.[m
[17:31:31] [Server thread/INFO]: [AuctionHouse] Found PlaceholderAPI plugin
[17:31:31] [Craft Scheduler Thread - 16/INFO]: [Vault] Checking for Updates ... 
[17:31:31] [Server thread/INFO]: [PlaceholderAPI] Successfully registered internal expansion: auctionhouse [3.5.1]
[17:31:31] [Server thread/INFO]: [AuctionHouse] Registered PlaceholderAPI placeholders
[17:31:31] [Craft Scheduler Thread - 16/INFO]: [Vault] No new version available
[17:31:31] [Craft Scheduler Thread - 3/INFO]: [0;32;22mNew version of CMILib was detected. Please update it[m
[17:31:31] [Server thread/INFO]: [HolographicDisplays] Found a new version available: v3.0.4
[17:31:31] [Server thread/INFO]: [HolographicDisplays] Download it on Bukkit Dev:
[17:31:31] [Server thread/INFO]: [HolographicDisplays] https://dev.bukkit.org/projects/holographic-displays
[17:31:31] [Craft Scheduler Thread - 6/WARN]: §4Você está com §c258 §4dev build(s) do EssentialsX desatualizado!
[17:31:31] [Craft Scheduler Thread - 6/WARN]: §4Baixe-a aqui:§c https://essentialsx.net/downloads.html
[17:31:31] [Server thread/INFO]: [ChestCommands] Found a new version: v4.0.5 (yours: v4.0.4)
[17:31:31] [Server thread/INFO]: [ChestCommands] Download the update on Bukkit Dev:
[17:31:31] [Server thread/INFO]: [ChestCommands] https://dev.bukkit.org/projects/chest-commands
[17:31:31] [Craft Scheduler Thread - 8/INFO]: [CrazyCrates] Plugin is up to date! - v3.4.9
[17:31:32] [Craft Scheduler Thread - 11/INFO]: [sleep-most] UPDATE FOUND: A newer version of sleep-most is available to download!
[17:31:32] [Craft Scheduler Thread - 1/INFO]: [33;1m[[32;22mSkinsRestorer[33;1m] [0;39m[32;1m----------------------------------------------[0;39m[m
[17:31:32] [Craft Scheduler Thread - 1/INFO]: [33;1m[[32;22mSkinsRestorer[33;1m] [0;39m[32;1m    +==================+[0;39m[m
[17:31:32] [Craft Scheduler Thread - 1/INFO]: [33;1m[[32;22mSkinsRestorer[33;1m] [0;39m[32;1m    |   SkinsRestorer  |[0;39m[m
[17:31:32] [Craft Scheduler Thread - 1/INFO]: [33;1m[[32;22mSkinsRestorer[33;1m] [0;39m[32;1m    |------------------|[0;39m[m
[17:31:32] [Craft Scheduler Thread - 1/INFO]: [33;1m[[32;22mSkinsRestorer[33;1m] [0;39m[32;1m    |  [34;1m[4m[21mStandalone Mode[0;39m[32;1m |[0;39m[m
[17:31:32] [Craft Scheduler Thread - 1/INFO]: [33;1m[[32;22mSkinsRestorer[33;1m] [0;39m[32;1m    +==================+[0;39m[m
[17:31:32] [Craft Scheduler Thread - 1/INFO]: [33;1m[[32;22mSkinsRestorer[33;1m] [0;39m[32;1m----------------------------------------------[0;39m[m
[17:31:32] [Craft Scheduler Thread - 1/INFO]: [33;1m[[32;22mSkinsRestorer[33;1m] [0;39m[36;1m    Version: [32;1m15.7.10[0;39m[m
[17:31:32] [Craft Scheduler Thread - 1/INFO]: [33;1m[[32;22mSkinsRestorer[33;1m] [0;39m[36;1m    Commit: [32;1m19ef760[0;39m[m
[17:31:32] [Craft Scheduler Thread - 1/INFO]: [33;1m[[32;22mSkinsRestorer[33;1m] [0;39m[32;1m    This is the latest version![0;39m[m
[17:31:32] [Craft Scheduler Thread - 1/INFO]: [33;1m[[32;22mSkinsRestorer[33;1m] [0;39m[32;1m----------------------------------------------[0;39m[m
[17:31:32] [Craft Scheduler Thread - 1/INFO]: [33;1m[[32;22mSkinsRestorer[33;1m] [0;39m[34;1mDo you have issues? Read our troubleshooting guide: [33;1mhttps://skinsrestorer.net/docs/troubleshooting[0;39m[m
[17:31:32] [Craft Scheduler Thread - 1/INFO]: [33;1m[[32;22mSkinsRestorer[33;1m] [0;39m[34;1mWant to support SkinsRestorer? Consider donating: [33;1mhttps://skinsrestorer.net/donate[0;39m[m
[17:31:32] [Server thread/INFO]: [PlaceholderAPI] An update for PlaceholderAPI (v2.11.6) is available at:
[17:31:32] [Server thread/INFO]: [PlaceholderAPI] https://www.spigotmc.org/resources/placeholderapi.6245/
[17:31:47] [Server thread/WARN]: Can't keep up! Is the server overloaded? Running 7430ms or 148 ticks behind
[17:31:56] [User Authenticator #1/INFO]: UUID of player YoungNinn is 4b8a42eb-6ada-3d4c-97a3-3603e111858d
[17:31:57] [Server thread/INFO]: YoungNinn joined the game
[17:31:57] [Server thread/INFO]: YoungNinn[/192.168.56.1:57016] logged in with entity id 331 at ([lobby]-65.7, -51.0, -36.324)
[17:32:05] [Craft Scheduler Thread - 2/INFO]: [AuthMe] YoungNinn logged in 192.168.56.1
[17:32:12] [Server thread/INFO]: YoungNinn issued server command: /fly
[17:32:21] [Server thread/WARN]: YoungNinn moved too quickly! -20.54428444388587,0.0,8.330391879622603
[17:32:21] [Server thread/WARN]: YoungNinn moved too quickly! -20.165707559408972,0.0,7.475966273638221
[17:32:43] [Server thread/INFO]: YoungNinn issued server command: /mvtp world
[17:32:50] [Server thread/INFO]: YoungNinn issued server command: /fly
[17:33:07] [Server thread/INFO]: YoungNinn lost connection: Disconnected
[17:33:07] [Server thread/INFO]: YoungNinn left the game
[17:33:56] [User Authenticator #2/INFO]: UUID of player YoungNinn is 4b8a42eb-6ada-3d4c-97a3-3603e111858d
[17:33:56] [Server thread/INFO]: YoungNinn joined the game
[17:33:56] [Server thread/INFO]: YoungNinn[/192.168.56.1:57111] logged in with entity id 809 at ([lobby]-65.7, -51.0, -36.324)
[17:34:05] [Craft Scheduler Thread - 17/INFO]: [AuthMe] YoungNinn logged in 192.168.56.1
[17:35:28] [Server thread/INFO]: YoungNinn issued server command: /kit food
[17:41:35] [Server thread/INFO]: YoungNinn lost connection: Disconnected
[17:41:35] [Server thread/INFO]: YoungNinn left the game
